
-----------------Преобразованный исходный код---------------------
01 tfi(ti,ti){
02 ti;
03 w:iqi|{i=i;}
04 ^{i=i;}
05 ri;
06 }
07 tfi(ti){
08 ri;
09 }
11 nfi(){
12 zl;
13 r;
14 }
16 m
17 {
18 i();
20 ti=i(l,l);
21 ti=l;
22 w:iql|{zi;}
24 ti=i(l);
25 zi;
27 ti=l;
28 ti=l;
30 ti=i(i);
31 ti=i(i);
33 w:iqi|{i=l;}
34 ^{i=l;}
35 zi;
37 ti=i(i,i);
38 ti=i(i,i);
39 pi;
40 pl;
41 zi;
43 ti=lvl;
44 ti=lvl;
45 ti=lvl;
46 ti=lvl;
47 ti=lvl;
50 zi;
51 zi;
52 zi;
53 zi;
55 ti=l;
56 ti=l;
58 ti=ivi;
59 zi;
60 zi;
61 zi;
62 }
-----Преобразованная таблица лексем

-----------------Преобразованный исходный код---------------------
01 tfi(ti,ti){
02 ti;
03 w:iqi|{i=i;}
04 ^{i=i;}
05 ri;
06 }
07 tfi(ti){
08 ri;
09 }
11 nfi(){
12 zl;
13 r;
14 }
16 m
17 {
18 i();
20 ti=ll@2  ;
21 ti=l;
22 w:iql|{zi;}
24 ti=l@1 ;
25 zi;
27 ti=l;
28 ti=l;
30 ti=i@1 ;
31 ti=i@1 ;
33 w:iqi|{i=l;}
34 ^{i=l;}
35 zi;
37 ti=ii@2  ;
38 ti=ii@2  ;
39 pi;
40 pl;
41 zi;
43 ti=llv;
44 ti=llv;
45 ti=llv;
46 ti=llv;
47 ti=llv;
50 zi;
51 zi;
52 zi;
53 zi;
55 ti=l;
56 ti=l;
58 ti=iiv;
59 zi;
60 zi;
61 zi;
62 }
-----------------Преобразованный исходный код---------------------
01 tfi(ti,ti){
02 ti;
03 w:iqi|{i=i;}
04 ^{i=i;}
05 ri;
06 }
07 tfi(ti){
08 ri;
09 }
11 nfi(){
12 zl;
13 r;
14 }
16 m
17 {
18 i();
20 ti=i(l,l);
21 ti=l;
22 w:iql|{zi;}
24 ti=i(l);
25 zi;
27 ti=l;
28 ti=l;
30 ti=i(i);
31 ti=i(i);
33 w:iqi|{i=l;}
34 ^{i=l;}
35 zi;
37 ti=i(i,i);
38 ti=i(i,i);
39 pi;
40 pl;
41 zi;
43 ti=lvl;
44 ti=lvl;
45 ti=lvl;
46 ti=lvl;
47 ti=lvl;
50 zi;
51 zi;
52 zi;
53 zi;
55 ti=l;
56 ti=l;
58 ti=ivi;
59 zi;
60 zi;
61 zi;
62 }
-----Преобразованная таблица лексем

-----------------Преобразованный исходный код---------------------
01 tfi(ti,ti){
02 ti;
03 w:iqi|{i=i;}
04 ^{i=i;}
05 ri;
06 }
07 tfi(ti){
08 ri;
09 }
11 nfi(){
12 zl;
13 r;
14 }
16 m
17 {
18 i();
20 ti=ll@2  ;
21 ti=l;
22 w:iql|{zi;}
24 ti=l@1 ;
25 zi;
27 ti=l;
28 ti=l;
30 ti=i@1 ;
31 ti=i@1 ;
33 w:iqi|{i=l;}
34 ^{i=l;}
35 zi;
37 ti=ii@2  ;
38 ti=ii@2  ;
39 pi;
40 pl;
41 zi;
43 ti=llv;
44 ti=llv;
45 ti=llv;
46 ti=llv;
47 ti=llv;
50 zi;
51 zi;
52 zi;
53 zi;
55 ti=l;
56 ti=l;
58 ti=iiv;
59 zi;
60 zi;
61 zi;
62 }
-----------------Преобразованный исходный код---------------------
01 tfi(ti,ti){
02 ti;
03 w:iqi|{i=i;}
04 ^{i=i;}
05 ri;
06 }
07 tfi(ti){
08 ri;
09 }
11 nfi(){
12 zl;
13 r;
14 }
16 m
17 {
18 i();
20 ti=i(l,l);
21 ti=l;
22 w:iql|{zi;}
24 ti=i(l);
25 zi;
27 ti=l;
28 ti=l;
30 ti=i(i);
31 ti=i(i);
33 w:iqi|{i=l;}
34 ^{i=l;}
35 zi;
37 ti=i(i,i);
38 ti=i(i,i);
39 pi;
40 pl;
41 zi;
43 ti=lvl;
44 ti=lvl;
45 ti=lvl;
46 ti=lvl;
47 ti=lvl;
50 zi;
51 zi;
52 zi;
53 zi;
55 ti=l;
56 ti=l;
58 ti=ivi;
59 zi;
60 zi;
61 zi;
62 }
-----Преобразованная таблица лексем

-----------------Преобразованный исходный код---------------------
01 tfi(ti,ti){
02 ti;
03 w:iqi|{i=i;}
04 ^{i=i;}
05 ri;
06 }
07 tfi(ti){
08 ri;
09 }
11 nfi(){
12 zl;
13 r;
14 }
16 m
17 {
18 i();
20 ti=ll@2  ;
21 ti=l;
22 w:iql|{zi;}
24 ti=l@1 ;
25 zi;
27 ti=l;
28 ti=l;
30 ti=i@1 ;
31 ti=i@1 ;
33 w:iqi|{i=l;}
34 ^{i=l;}
35 zi;
37 ti=ii@2  ;
38 ti=ii@2  ;
39 pi;
40 pl;
41 zi;
43 ti=llv;
44 ti=llv;
45 ti=llv;
46 ti=llv;
47 ti=llv;
50 zi;
51 zi;
52 zi;
53 zi;
55 ti=l;
56 ti=l;
58 ti=iiv;
59 zi;
60 zi;
61 zi;
62 }
-----------------Преобразованный исходный код---------------------
01 tfi(ti,ti){
02 ti;
03 w:iqi|{i=i;}
04 ^{i=i;}
05 ri;
06 }
07 tfi(ti){
08 ri;
09 }
11 nfi(){
12 zl;
13 r;
14 }
16 m
17 {
18 i();
20 ti=i(l,l);
21 ti=l;
22 w:iql|{zi;}
24 ti=i(l);
25 zi;
27 ti=l;
28 ti=l;
30 ti=i(i);
31 ti=i(i);
33 w:iqi|{i=l;}
34 ^{i=l;}
35 zi;
37 ti=i(i,i);
38 ti=i(i,i);
39 pi;
40 pl;
41 zi;
43 ti=lvl;
44 ti=lvl;
45 ti=lvl;
46 ti=lvl;
47 ti=lvl;
50 zi;
51 zi;
52 zi;
53 zi;
55 ti=l;
56 ti=l;
58 ti=ivi;
59 zi;
60 zi;
61 zi;
62 }
-----Преобразованная таблица лексем

-----------------Преобразованный исходный код---------------------
01 tfi(ti,ti){
02 ti;
03 w:iqi|{i=i;}
04 ^{i=i;}
05 ri;
06 }
07 tfi(ti){
08 ri;
09 }
11 nfi(){
12 zl;
13 r;
14 }
16 m
17 {
18 i();
20 ti=ll@2  ;
21 ti=l;
22 w:iql|{zi;}
24 ti=l@1 ;
25 zi;
27 ti=l;
28 ti=l;
30 ti=i@1 ;
31 ti=i@1 ;
33 w:iqi|{i=l;}
34 ^{i=l;}
35 zi;
37 ti=ii@2  ;
38 ti=ii@2  ;
39 pi;
40 pl;
41 zi;
43 ti=llv;
44 ti=llv;
45 ti=llv;
46 ti=llv;
47 ti=llv;
50 zi;
51 zi;
52 zi;
53 zi;
55 ti=l;
56 ti=l;
58 ti=iiv;
59 zi;
60 zi;
61 zi;
62 }
-----------------Преобразованный исходный код---------------------
01 tfi(ti,ti){
02 ti;
03 w:iqi|{i=i;}
04 ^{i=i;}
05 ri;
06 }
07 tfi(ti){
08 ri;
09 }
11 nfi(){
12 zl;
13 r;
14 }
16 m
17 {
18 i();
20 ti=i(l,l);
21 ti=l;
22 w:iql|{zi;}
24 ti=i(l);
25 zi;
27 ti=l;
28 ti=l;
30 ti=i(i);
31 ti=i(i);
33 w:iqi|{i=l;}
34 ^{i=l;}
35 zi;
37 ti=i(i,i);
38 ti=i(i,i);
39 pi;
40 pl;
41 zi;
43 ti=lvl;
44 ti=lvl;
45 ti=lvl;
46 ti=lvl;
47 ti=lvl;
50 zi;
51 zi;
52 zi;
53 zi;
55 ti=l;
56 ti=l;
58 ti=ivi;
59 zi;
60 zi;
61 zi;
62 }
-----Преобразованная таблица лексем

-----------------Преобразованный исходный код---------------------
01 tfi(ti,ti){
02 ti;
03 w:iqi|{i=i;}
04 ^{i=i;}
05 ri;
06 }
07 tfi(ti){
08 ri;
09 }
11 nfi(){
12 zl;
13 r;
14 }
16 m
17 {
18 i();
20 ti=ll@2  ;
21 ti=l;
22 w:iql|{zi;}
24 ti=l@1 ;
25 zi;
27 ti=l;
28 ti=l;
30 ti=i@1 ;
31 ti=i@1 ;
33 w:iqi|{i=l;}
34 ^{i=l;}
35 zi;
37 ti=ii@2  ;
38 ti=ii@2  ;
39 pi;
40 pl;
41 zi;
43 ti=llv;
44 ti=llv;
45 ti=llv;
46 ti=llv;
47 ti=llv;
50 zi;
51 zi;
52 zi;
53 zi;
55 ti=l;
56 ti=l;
58 ti=iiv;
59 zi;
60 zi;
61 zi;
62 }
-----------------Преобразованный исходный код---------------------
01 tfi(ti,ti){
02 ti;
03 w:iqi|{i=i;}
04 ^{i=i;}
05 ri;
06 }
07 tfi(ti){
08 ri;
09 }
11 nfi(){
12 zl;
13 r;
14 }
16 m
17 {
18 i();
20 ti=i(l,l);
21 ti=l;
22 w:iql|{zi;}
24 ti=i(l);
25 zi;
27 ti=l;
28 ti=l;
30 ti=i(i);
31 ti=i(i);
33 w:iqi|{i=l;}
34 ^{i=l;}
35 zi;
37 ti=i(i,i);
38 ti=i(i,i);
39 pi;
40 pl;
41 zi;
43 ti=lvl;
44 ti=lvl;
45 ti=lvl;
46 ti=lvl;
47 ti=lvl;
50 zi;
51 zi;
52 zi;
53 zi;
55 ti=l;
56 ti=l;
58 ti=ivi;
59 zi;
60 zi;
61 zi;
62 }
-----Преобразованная таблица лексем

-----------------Преобразованный исходный код---------------------
01 tfi(ti,ti){
02 ti;
03 w:iqi|{i=i;}
04 ^{i=i;}
05 ri;
06 }
07 tfi(ti){
08 ri;
09 }
11 nfi(){
12 zl;
13 r;
14 }
16 m
17 {
18 i();
20 ti=ll@2  ;
21 ti=l;
22 w:iql|{zi;}
24 ti=l@1 ;
25 zi;
27 ti=l;
28 ti=l;
30 ti=i@1 ;
31 ti=i@1 ;
33 w:iqi|{i=l;}
34 ^{i=l;}
35 zi;
37 ti=ii@2  ;
38 ti=ii@2  ;
39 pi;
40 pl;
41 zi;
43 ti=llv;
44 ti=llv;
45 ti=llv;
46 ti=llv;
47 ti=llv;
50 zi;
51 zi;
52 zi;
53 zi;
55 ti=l;
56 ti=l;
58 ti=iiv;
59 zi;
60 zi;
61 zi;
62 }
-----------------Преобразованный исходный код---------------------
01 tfi(ti,ti){
02 ti;
03 w:iqi|{i=i;}
04 ^{i=i;}
05 ri;
06 }
07 tfi(ti){
08 ri;
09 }
11 nfi(){
12 zl;
13 r;
14 }
16 m
17 {
18 i();
20 ti=i(l,l);
21 ti=l;
22 w:iql|{zi;}
24 ti=i(l);
25 zi;
27 ti=l;
28 ti=l;
30 ti=i(i);
31 ti=i(i);
33 w:iqi|{i=l;}
34 ^{i=l;}
35 zi;
37 ti=i(i,i);
38 ti=i(i,i);
39 pi;
40 pl;
41 zi;
43 ti=lvl;
44 ti=lvl;
45 ti=lvl;
46 ti=lvl;
47 ti=lvl;
49 zi;
50 zi;
51 zi;
52 zi;
53 zi;
55 ti=l;
56 ti=l;
58 ti=ivi;
59 zi;
60 zi;
61 zi;
62 }
-----Преобразованная таблица лексем

-----------------Преобразованный исходный код---------------------
01 tfi(ti,ti){
02 ti;
03 w:iqi|{i=i;}
04 ^{i=i;}
05 ri;
06 }
07 tfi(ti){
08 ri;
09 }
11 nfi(){
12 zl;
13 r;
14 }
16 m
17 {
18 i();
20 ti=ll@2  ;
21 ti=l;
22 w:iql|{zi;}
24 ti=l@1 ;
25 zi;
27 ti=l;
28 ti=l;
30 ti=i@1 ;
31 ti=i@1 ;
33 w:iqi|{i=l;}
34 ^{i=l;}
35 zi;
37 ti=ii@2  ;
38 ti=ii@2  ;
39 pi;
40 pl;
41 zi;
43 ti=llv;
44 ti=llv;
45 ti=llv;
46 ti=llv;
47 ti=llv;
49 zi;
50 zi;
51 zi;
52 zi;
53 zi;
55 ti=l;
56 ti=l;
58 ti=iiv;
59 zi;
60 zi;
61 zi;
62 }
-----------------Преобразованный исходный код---------------------
01 tfi(ti,ti){
02 ti;
03 w:iqi|{i=i;}
04 ^{i=i;}
05 ri;
06 }
07 tfi(ti){
08 ri;
09 }
11 nfi(){
12 zl;
13 r;
14 }
16 m
17 {{)
18 i();
20 ti=i(l,l);
21 ti=l;
22 w:iql|{zi;}
24 ti=i(l);
25 zi;
27 ti=l;
28 ti=l;
30 ti=i(i);
31 ti=i(i);
33 w:iqi|{i=l;}
34 ^{i=l;}
35 zi;
37 ti=i(i,i);
38 ti=i(i,i);
39 pi;
40 pl;
41 zi;
43 ti=lvl;
44 ti=lvl;
45 ti=lvl;
46 ti=lvl;
47 ti=lvl;
49 zi;
50 zi;
51 zi;
52 zi;
53 zi;
55 ti=l;
56 ti=l;
58 ti=ivi;
59 zi;
60 zi;
61 zi;
62 }
-----------------Преобразованный исходный код---------------------
01 tfi(ti,ti){
02 ti;
03 w:iqi|{i=i;}
04 ^{i=i;}
05 ri;
06 }
07 tfi(ti){
08 r;
09 }
11 nfi(){
12 zl;
13 r;
14 }
16 m
17 {
18 i();
20 ti=i(l,l);
21 ti=l;
22 w:iql|{zi;}
24 ti=i(l);
25 zi;
27 ti=l;
28 ti=l;
30 ti=i(i);
31 ti=i(i);
33 w:iqi|{i=l;}
34 ^{i=l;}
35 zi;
37 ti=i(i,i);
38 ti=i(i,i);
39 pi;
40 pl;
41 zi;
43 ti=lvl;
44 ti=lvl;
45 ti=lvl;
46 ti=lvl;
47 ti=lvl;
49 zi;
50 zi;
51 zi;
52 zi;
53 zi;
55 ti=l;
56 ti=l;
58 ti=ivi;
59 zi;
60 zi;
61 zi;
62 }
-----------------Преобразованный исходный код---------------------
01 tfi(ti,ti){
02 ti;
03 w:iqi|{i=i;}
04 ^{i=i;}
05 ri;
06 }
07 tfi(ti){
08 r;
09 }
11 nfi(){
12 zl;
13 r;
14 }
16 m
17 {
18 i();
20 ti=i(l,l);
21 ti=l;
22 w:iql|{zi;}
24 ti=l;
25 zi;
27 ti=l;
28 ti=l;
30 ti=i(i);
31 ti=i(i);
33 w:iqi|{i=l;}
34 ^{i=l;}
35 zi;
37 ti=i(i,i);
38 ti=i(i,i);
39 pi;
40 pl;
41 zi;
43 ti=lvl;
44 ti=lvl;
45 ti=lvl;
46 ti=lvl;
47 ti=lvl;
49 zi;
50 zi;
51 zi;
52 zi;
53 zi;
55 ti=l;
56 ti=l;
58 ti=ivi;
59 zi;
60 zi;
61 zi;
62 }
-----------------Преобразованный исходный код---------------------
01 tfi(ti,ti){
02 ti;
03 w:iqi|{i=i;}
04 ^{i=i;}
05 ri;
06 }
07 tfi(ti){
08 r;
09 }
11 nfi(){
12 zl;
13 r;
14 }
16 m
17 {
18 i();
20 ti=i(l,l);
21 ti=l;
22 w:iql|{zi;}
24 ti=l;
25 zi;
27 ti=l;
28 ti=l;
30 ti=i(i);
31 ti=i(i);
33 w:iqi|{i=l;}
34 ^{i=l;}
35 zi;
37 ti=i(i,i);
38 ti=i(i,i);
39 pi;
40 pl;
41 zi;
43 ti=lvl;
44 ti=lvl;
45 ti=lvl;
46 ti=lvl;
47 ti=lvl;
49 zi;
50 zi;
51 zi;
52 zi;
53 zi;
55 ti=l;
56 ti=l;
58 ti=ivi;
59 zi;
60 zi;
61 zi;
62 }
-----------------Преобразованный исходный код---------------------
01 tfi(ti,ti){
02 ti;
03 w:iqi|{i=i;}
04 ^{i=i;}
05 ri;
06 }
07 tfi(ti){
08 r;
09 }
11 nfi(){
12 zl;
13 r;
14 }
16 m
17 {
18 i();
20 ti=i(l,l);
21 ti=l;
22 w:iql|{zi;}
24 ti=l;
25 zi;
27 ti=l;
28 ti=l;
30 ti=i(i);
31 ti=i(i);
33 w:iqi|{i=l;}
34 ^{i=l;}
35 zi;
37 ti=i(i,i);
38 ti=i(i,i);
39 pi;
40 pl;
41 zi;
43 ti=lvl;
44 ti=lvl;
45 ti=lvl;
46 ti=lvl;
47 ti=lvl;
49 zi;
50 zi;
51 zi;
52 zi;
53 zi;
55 ti=l;
56 ti=l;
58 ti=ivi;
59 zi;
60 zi;
61 zi;
62 }
-----------------Преобразованный исходный код---------------------
01 tfi(ti,ti){
02 ti;
03 w:iqi|{i=i;}
04 ^{i=i;}
05 ri;
06 }
07 tfi(ti){
08 r;
09 }
11 nfi(){
12 zl;
13 r;
14 }
16 m
17 {
18 i();
20 ti=i(l,l);
21 ti=l;
22 w:iql|{zi;}
24 ti=l;
25 zi;
27 ti=l;
28 ti=l;
30 ti=i(i);
31 ti=i(i);
33 w:iqi|{i=l;}
34 ^{i=l;}
35 zi;
37 ti=i(i,i);
38 ti=i(i,i);
39 pi;
40 pl;
41 zi;
43 ti=lvl;
44 ti=lvl;
45 ti=lvl;
46 ti=lvl;
47 ti=lvl;
49 zi;
50 zi;
51 zi;
52 zi;
53 zi;
55 ti=l;
56 ti=l;
58 ti=ivi;
59 zi;
60 zi;
61 zi;
62 }
-----------------Преобразованный исходный код---------------------
01 tfi(ti,ti){
02 ti;
03 w:iqi|{i=i;}
04 ^{i=i;}
05 ri;
06 }
07 tfi(ti){
08 r;
09 }
11 nfi(){
12 zl;
13 r;
14 }
16 m
17 {
18 i();
20 ti=i(l,l);
21 ti=l;
22 w:iql|{zi;}
24 ti=l;
25 zi;
27 ti=l;
28 ti=l;
30 ti=i(i);
31 ti=i(i);
33 w:iqi|{i=l;}
34 ^{i=l;}
35 zi;
37 ti=i(i,i);
38 ti=i(i,i);
39 pi;
40 pl;
41 zi;
43 ti=lvl;
44 ti=lvl;
45 ti=lvl;
46 ti=lvl;
47 ti=lvl;
49 zi;
50 zi;
51 zi;
52 zi;
53 zi;
55 ti=l;
56 ti=l;
58 ti=ivi;
59 zi;
60 zi;
61 zi;
62 }
-----------------Преобразованный исходный код---------------------
01 tfi(ti,ti){
02 ti;
03 w:iqi|{i=i;}
04 ^{i=i;}
05 ri;
06 }
07 tfi(ti){
08 ri;
09 }
11 nfi(){
12 zl;
13 r;
14 }
16 m
17 {
18 i();
20 ti=i(l,l);
21 ti=l;
22 w:iql|{zi;}
24 ti=i(l);
25 zi;
27 ti=l;
28 ti=l;
30 ti=i(i);
31 ti=i(i);
33 w:iqi|{i=l;}
34 ^{i=l;}
35 zi;
37 ti=i(i,i);
38 ti=i(i,i);
39 pi;
40 pl;
41 zi;
43 ti=lvl;
44 ti=lvl;
45 ti=lvl;
46 ti=lvl;
47 ti=lvl;
50 zi;
51 zi;
52 zi;
53 zi;
55 ti=l;
56 ti=l;
58 ti=ivi;
59 zi;
60 zi;
61 zi;
62 }
-----Преобразованная таблица лексем

-----------------Преобразованный исходный код---------------------
01 tfi(ti,ti){
02 ti;
03 w:iqi|{i=i;}
04 ^{i=i;}
05 ri;
06 }
07 tfi(ti){
08 ri;
09 }
11 nfi(){
12 zl;
13 r;
14 }
16 m
17 {
18 i();
20 ti=ll@2  ;
21 ti=l;
22 w:iql|{zi;}
24 ti=l@1 ;
25 zi;
27 ti=l;
28 ti=l;
30 ti=i@1 ;
31 ti=i@1 ;
33 w:iqi|{i=l;}
34 ^{i=l;}
35 zi;
37 ti=ii@2  ;
38 ti=ii@2  ;
39 pi;
40 pl;
41 zi;
43 ti=llv;
44 ti=llv;
45 ti=llv;
46 ti=llv;
47 ti=llv;
50 zi;
51 zi;
52 zi;
53 zi;
55 ti=l;
56 ti=l;
58 ti=iiv;
59 zi;
60 zi;
61 zi;
62 }
-----------------Преобразованный исходный код---------------------
01 tfi(ti,ti){
02 ti;
03 w:iqi|{i=i;}
04 ^{i=i;}
05 ri;
06 }
07 tfi(ti){
08 ri;
09 }
11 nfi(){
12 zl;
13 r;
14 }
16 m
17 {
18 i();;
20 ti=i(l,l);
21 ti=l;
22 w:iql|{zi;}
24 ti=i(l);
25 zi;
27 ti=l;
28 ti=l;
30 ti=i(i);
31 ti=i(i);
33 w:iqi|{i=l;}
34 ^{i=l;}
35 zi;
37 ti=i(i,i);
38 ti=i(i,i);
39 pi;
40 pl;
41 zi;
43 ti=lvl;
44 ti=lvl;
45 ti=lvl;
46 ti=lvl;
47 ti=lvl;
50 zi;
51 zi;
52 zi;
53 zi;
55 ti=l;
56 ti=l;
58 ti=ivi;
59 zi;
60 zi;
61 zi;
62 }
-----------------Преобразованный исходный код---------------------
01 tfi(ti,ti){
02 ti;
03 w:iqi|{i=i;}
04 ^{i=i;}
05 ri;
06 }
07 tfi(ti){
08 ri;
09 }
11 nfi(){
12 zl;
13 r;
14 }
16 m
17 {
18 i();
20 ti=i(l,l);
21 ti=l;
22 w:iql|{zi;}
24 ti=i(l);
25 zi;
27 ti=l;
28 ti=l;
30 ti=i(i);
31 ti=i(i);
33 w:iqi|{i=l;}
34 ^{i=l;}
35 zi;
37 ti=i(i,i);
38 ti=i(i,i);
39 pi;
40 pl;
41 zi;
43 ti=lvl;
44 ti=lvl;
45 ti=lvl;
46 ti=lvl;
47 ti=lvl;
50 zi;
51 zi;
52 zi;
53 zi;
55 ti=l;
56 ti=l;
58 ti=ivi;
59 zi;
60 zi;
61 zi;
62 }
-----Преобразованная таблица лексем

-----------------Преобразованный исходный код---------------------
01 tfi(ti,ti){
02 ti;
03 w:iqi|{i=i;}
04 ^{i=i;}
05 ri;
06 }
07 tfi(ti){
08 ri;
09 }
11 nfi(){
12 zl;
13 r;
14 }
16 m
17 {
18 i();
20 ti=ll@2  ;
21 ti=l;
22 w:iql|{zi;}
24 ti=l@1 ;
25 zi;
27 ti=l;
28 ti=l;
30 ti=i@1 ;
31 ti=i@1 ;
33 w:iqi|{i=l;}
34 ^{i=l;}
35 zi;
37 ti=ii@2  ;
38 ti=ii@2  ;
39 pi;
40 pl;
41 zi;
43 ti=llv;
44 ti=llv;
45 ti=llv;
46 ti=llv;
47 ti=llv;
50 zi;
51 zi;
52 zi;
53 zi;
55 ti=l;
56 ti=l;
58 ti=iiv;
59 zi;
60 zi;
61 zi;
62 }