Сборка начата 24.12.2023 7:22:11.
Уровень детализации журнала: Normal.     1>Проект "D:\лабы\VYR-2023\VYR-2023\ASM\ASM.vcxproj" в узле 2 (целевые объекты Build).
     1>PrepareForBuild:
         Структурированный вывод включен. Форматирование диагностики компилятора будет отражать иерархию ошибок. Подробнее см. https://aka.ms/cpp/structured-output.
       InitializeBuildStatus:
         Создание "Debug\ASM.tlog\unsuccessfulbuild", так как было задано "AlwaysCreate".
         Обращение к "Debug\ASM.tlog\unsuccessfulbuild".
       _MASM:
         Assembling Asm.asm...
         cmd.exe /C "C:\Users\Ярослава\AppData\Local\Temp\tmp9d99993c6a89401aa599c1f536991149.cmd"
         ml.exe /c /nologo /Zi /Fo"Debug\Asm.obj" /W3 /errorReport:prompt  /TaAsm.asm
       Link:
         C:\Program Files\Microsoft Visual Studio\2022\Community\VC\Tools\MSVC\14.38.33130\bin\HostX86\x86\link.exe /ERRORREPORT:PROMPT /OUT:"D:\лабы\VYR-2023\VYR-2023\Debug\ASM.exe" /INCREMENTAL /ILK:"Debug\ASM.ilk" /NOLOGO kernel32.lib user32.lib gdi32.lib winspool.lib comdlg32.lib advapi32.lib shell32.lib ole32.lib oleaut32.lib uuid.lib odbc32.lib odbccp32.lib /MANIFEST /MANIFESTUAC:"level='asInvoker' uiAccess='false'" /manifest:embed /DEBUG /PDB:"D:\лабы\VYR-2023\VYR-2023\Debug\ASM.pdb" /SUBSYSTEM:CONSOLE /TLBID:1 /DYNAMICBASE /NXCOMPAT /IMPLIB:"D:\лабы\VYR-2023\VYR-2023\Debug\ASM.lib" /MACHINE:X86 Debug\Asm.obj
         ASM.vcxproj -> D:\лабы\VYR-2023\VYR-2023\Debug\ASM.exe
       FinalizeBuildStatus:
         Файл "Debug\ASM.tlog\unsuccessfulbuild" удаляется.
         Обращение к "Debug\ASM.tlog\ASM.lastbuildstate".
     1>Сборка проекта "D:\лабы\VYR-2023\VYR-2023\ASM\ASM.vcxproj" завершена (целевые объекты Build).

Сборка успешно завершена.
    Предупреждений: 0
    Ошибок: 0

Прошло времени 00:00:01.07
